<?xml version="1.0" encoding="UTF-8"?>
<testng-results skipped="0" failed="0" total="3" passed="3">
  <reporter-output>
  </reporter-output>
  <suite name="Default suite" duration-ms="31717" started-at="2016-08-08T07:31:33Z" finished-at="2016-08-08T07:32:05Z">
    <groups>
    </groups>
    <test name="Default test" duration-ms="31717" started-at="2016-08-08T07:31:33Z" finished-at="2016-08-08T07:32:05Z">
      <class name="test.Login">
        <test-method status="PASS" signature="beforeClass()[pri:0, instance:test.Login@6d8a00e3]" name="beforeClass" is-config="true" duration-ms="8458" started-at="2016-08-08T09:31:33Z" finished-at="2016-08-08T09:31:42Z">
          <reporter-output>
          </reporter-output>
        </test-method> <!-- beforeClass -->
        <test-method status="PASS" signature="WrongPassword()[pri:0, instance:test.Login@6d8a00e3]" name="WrongPassword" duration-ms="7630" started-at="2016-08-08T09:31:42Z" finished-at="2016-08-08T09:31:50Z">
          <reporter-output>
          </reporter-output>
        </test-method> <!-- WrongPassword -->
        <test-method status="PASS" signature="wrongusername()[pri:0, instance:test.Login@6d8a00e3]" name="wrongusername" duration-ms="6886" started-at="2016-08-08T09:31:50Z" depends-on-methods="test.Login.WrongPassword" finished-at="2016-08-08T09:31:56Z">
          <reporter-output>
          </reporter-output>
        </test-method> <!-- wrongusername -->
        <test-method status="PASS" signature="f()[pri:0, instance:test.Login@6d8a00e3]" name="f" duration-ms="8228" started-at="2016-08-08T09:31:56Z" depends-on-methods="test.Login.wrongusername" finished-at="2016-08-08T09:32:05Z">
          <reporter-output>
          </reporter-output>
        </test-method> <!-- f -->
        <test-method status="PASS" signature="afterClass()[pri:0, instance:test.Login@6d8a00e3]" name="afterClass" is-config="true" duration-ms="488" started-at="2016-08-08T09:32:05Z" finished-at="2016-08-08T09:32:05Z">
          <reporter-output>
          </reporter-output>
        </test-method> <!-- afterClass -->
      </class> <!-- test.Login -->
    </test> <!-- Default test -->
  </suite> <!-- Default suite -->
</testng-results>
